0 info it worked if it ends with ok
1 verbose cli [ '/usr/local/Cellar/node/4.1.2/bin/node',
1 verbose cli   '/usr/local/bin/npm',
1 verbose cli   'publish' ]
2 info using npm@3.3.6
3 info using node@v4.1.2
4 verbose publish [ '.' ]
5 silly cache add args [ '.', null ]
6 verbose cache add spec .
7 silly cache add parsed spec Result {
7 silly cache add   raw: '.',
7 silly cache add   scope: null,
7 silly cache add   name: null,
7 silly cache add   rawSpec: '.',
7 silly cache add   spec: '/Users/kkaczmarek/work/repos/kwatchd',
7 silly cache add   type: 'directory' }
8 verbose addLocalDirectory /Users/kkaczmarek/.npm/kwatchd/0.3.0/package.tgz not in flight; packing
9 info lifecycle kwatchd@0.3.0~prepublish: kwatchd@0.3.0
10 silly lifecycle kwatchd@0.3.0~prepublish: no script for prepublish, continuing
11 verbose tar pack [ '/Users/kkaczmarek/.npm/kwatchd/0.3.0/package.tgz',
11 verbose tar pack   '/Users/kkaczmarek/work/repos/kwatchd' ]
12 verbose tarball /Users/kkaczmarek/.npm/kwatchd/0.3.0/package.tgz
13 verbose folder /Users/kkaczmarek/work/repos/kwatchd
14 verbose addLocalTarball adding from inside cache /Users/kkaczmarek/.npm/kwatchd/0.3.0/package.tgz
15 silly cache afterAdd kwatchd@0.3.0
16 verbose afterAdd /Users/kkaczmarek/.npm/kwatchd/0.3.0/package/package.json not in flight; writing
17 verbose afterAdd /Users/kkaczmarek/.npm/kwatchd/0.3.0/package/package.json written
18 silly publish { name: 'kwatchd',
18 silly publish   version: '0.3.0',
18 silly publish   description: 'gwatchd for macosx',
18 silly publish   main: 'kwatchd.js',
18 silly publish   bin: { kwatchd: './bin/kwatchd.js' },
18 silly publish   author: { name: 'Karol Kaczmarek' },
18 silly publish   repository: { type: 'git', url: 'git://github.com/sh3d2/kwatchd.git' },
18 silly publish   dependencies:
18 silly publish    { fsevents: '^0.3.8',
18 silly publish      'js-yaml': '3.3.*',
18 silly publish      progress: '^1.1.8',
18 silly publish      rsync: '^0.4.0',
18 silly publish      underscore: '^1.8.3',
18 silly publish      fsmonitor: '*' },
18 silly publish   devDependencies: {},
18 silly publish   scripts: { test: 'echo "Error: no test specified" && exit 1' },
18 silly publish   license: 'ISC',
18 silly publish   readme: 'attempt to mimic https://github.com/gorzechowski/gwatchd on macosx\n',
18 silly publish   readmeFilename: 'README',
18 silly publish   gitHead: 'eb0bb356a122113c19a80dc11b66d5c04bc0f6d2',
18 silly publish   bugs: { url: 'https://github.com/sh3d2/kwatchd/issues' },
18 silly publish   homepage: 'https://github.com/sh3d2/kwatchd#readme',
18 silly publish   _id: 'kwatchd@0.3.0',
18 silly publish   _shasum: '570ea257fd4752a9758763ca83e2273d9f31b6d4',
18 silly publish   _from: '.' }
19 verbose getPublishConfig undefined
20 silly mapToRegistry name kwatchd
21 silly mapToRegistry using default registry
22 silly mapToRegistry registry https://registry.npmjs.org/
23 silly mapToRegistry uri https://registry.npmjs.org/kwatchd
24 verbose publish registryBase https://registry.npmjs.org/
25 silly publish uploading /Users/kkaczmarek/.npm/kwatchd/0.3.0/package.tgz
26 verbose request uri https://registry.npmjs.org/kwatchd
27 verbose request sending authorization for write operation
28 info attempt registry request try #1 at 08:41:15
29 verbose request using bearer token for auth
30 verbose request id 6b2ae79503e10792
31 http request PUT https://registry.npmjs.org/kwatchd
32 http 403 https://registry.npmjs.org/kwatchd
33 verbose headers { 'content-type': 'application/json',
33 verbose headers   'cache-control': 'max-age=60',
33 verbose headers   'content-length': '95',
33 verbose headers   'accept-ranges': 'bytes',
33 verbose headers   date: 'Fri, 09 Oct 2015 06:41:17 GMT',
33 verbose headers   via: '1.1 varnish',
33 verbose headers   connection: 'keep-alive',
33 verbose headers   'x-served-by': 'cache-fra1248-FRA',
33 verbose headers   'x-cache': 'MISS',
33 verbose headers   'x-cache-hits': '0',
33 verbose headers   'x-timer': 'S1444372875.918430,VS0,VE1093' }
34 verbose request invalidating /Users/kkaczmarek/.npm/registry.npmjs.org/kwatchd on PUT
35 error publish Failed PUT 403
36 verbose stack Error: "You cannot publish over the previously published version 0.3.0." : kwatchd
36 verbose stack     at makeError (/usr/local/lib/node_modules/npm/node_modules/npm-registry-client/lib/request.js:264:12)
36 verbose stack     at CachingRegistryClient.<anonymous> (/usr/local/lib/node_modules/npm/node_modules/npm-registry-client/lib/request.js:252:14)
36 verbose stack     at Request._callback (/usr/local/lib/node_modules/npm/node_modules/npm-registry-client/lib/request.js:172:14)
36 verbose stack     at Request.self.callback (/usr/local/lib/node_modules/npm/node_modules/request/request.js:198:22)
36 verbose stack     at emitTwo (events.js:87:13)
36 verbose stack     at Request.emit (events.js:172:7)
36 verbose stack     at Request.<anonymous> (/usr/local/lib/node_modules/npm/node_modules/request/request.js:1063:14)
36 verbose stack     at emitOne (events.js:82:20)
36 verbose stack     at Request.emit (events.js:169:7)
36 verbose stack     at IncomingMessage.<anonymous> (/usr/local/lib/node_modules/npm/node_modules/request/request.js:1009:12)
37 verbose statusCode 403
38 verbose pkgid kwatchd
39 verbose cwd /Users/kkaczmarek/work/repos/kwatchd
40 error Darwin 15.0.0
41 error argv "/usr/local/Cellar/node/4.1.2/bin/node" "/usr/local/bin/npm" "publish"
42 error node v4.1.2
43 error npm  v3.3.6
44 error code E403
45 error "You cannot publish over the previously published version 0.3.0." : kwatchd
46 error If you need help, you may report this error at:
46 error     <https://github.com/npm/npm/issues>
47 verbose exit [ 1, true ]
